#
# There is insufficient memory for the Java Runtime Environment to continue.
# Native memory allocation (malloc) failed to allocate 32744 bytes for ChunkPool::allocate
# Possible reasons:
#   The system is out of physical RAM or swap space
#   The process is running with CompressedOops enabled, and the Java Heap may be blocking the growth of the native heap
# Possible solutions:
#   Reduce memory load on the system
#   Increase physical memory or swap space
#   Check if swap backing store is full
#   Decrease Java heap size (-Xmx/-Xms)
#   Decrease number of Java threads
#   Decrease Java thread stack sizes (-Xss)
#   Set larger code cache with -XX:ReservedCodeCacheSize=
#   JVM is running with Unscaled Compressed Oops mode in which the Java heap is
#     placed in the first 4GB address space. The Java Heap base address is the
#     maximum limit for the native heap growth. Please use -XX:HeapBaseMinAddress
#     to set the Java Heap base and to place the Java Heap above 4GB virtual address.
# This output file may be truncated or incomplete.
#
#  Out of Memory Error (allocation.cpp:272), pid=14468, tid=0x0000000000000d90
#
# JRE version: OpenJDK Runtime Environment (8.0_202-b03) (build 1.8.0_202-release-1483-b03)
# Java VM: OpenJDK 64-Bit Server VM (25.202-b03 mixed mode windows-amd64 compressed oops)
# Failed to write core dump. Minidumps are not enabled by default on client versions of Windows
#

---------------  T H R E A D  ---------------

Current thread (0x000000001856b000):  JavaThread "C2 CompilerThread0" daemon [_thread_in_native, id=3472, stack(0x0000000018e60000,0x0000000018f60000)]

Stack: [0x0000000018e60000,0x0000000018f60000]
[error occurred during error reporting (printing stack bounds), id 0xc0000005]

Native frames: (J=compiled Java code, j=interpreted, Vv=VM code, C=native code)


Current CompileTask:
C2:   9684 1423   !   4       java.net.URLClassLoader$1::run (63 bytes)


---------------  P R O C E S S  ---------------

Java Threads: ( => current thread )
  0x000000001a11e800 JavaThread "Cache worker for journal cache (C:\Users\lucam\.gradle\caches\journal-1)" [_thread_blocked, id=1528, stack(0x000000001c0d0000,0x000000001c1d0000)]
  0x000000001a11b800 JavaThread "File lock request listener" [_thread_in_native, id=19356, stack(0x000000001bfd0000,0x000000001c0d0000)]
  0x000000001a121000 JavaThread "Cache worker for file hash cache (C:\Users\lucam\.gradle\caches\5.4.1\fileHashes)" [_thread_blocked, id=16956, stack(0x000000001bed0000,0x000000001bfd0000)]
  0x00000000199db800 JavaThread "Thread-9" [_thread_blocked, id=2196, stack(0x000000001bdd0000,0x000000001bed0000)]
  0x000000001872a800 JavaThread "Stdin handler" [_thread_blocked, id=19464, stack(0x000000001bcd0000,0x000000001bdd0000)]
  0x00000000199dd800 JavaThread "Asynchronous log dispatcher for DefaultDaemonConnection: socket connection from /127.0.0.1:57062 to /127.0.0.1:57063" [_thread_blocked, id=14360, stack(0x000000001bbd0000,0x000000001bcd0000)]
  0x0000000019dcf000 JavaThread "Daemon worker" [_thread_in_vm, id=1308, stack(0x000000001bad0000,0x000000001bbd0000)]
  0x0000000019dcb000 JavaThread "Cancel handler" [_thread_blocked, id=7412, stack(0x000000001b9d0000,0x000000001bad0000)]
  0x0000000019bf5000 JavaThread "Handler for socket connection from /127.0.0.1:57062 to /127.0.0.1:57063" [_thread_in_native, id=4260, stack(0x000000001b6d0000,0x000000001b7d0000)]
  0x0000000018882800 JavaThread "Daemon" [_thread_blocked, id=4364, stack(0x000000001b5d0000,0x000000001b6d0000)]
  0x00000000198ed000 JavaThread "Daemon periodic checks" [_thread_blocked, id=3168, stack(0x000000001b4d0000,0x000000001b5d0000)]
  0x0000000019829000 JavaThread "Incoming local TCP Connector on port 57062" [_thread_in_native, id=7480, stack(0x000000001b270000,0x000000001b370000)]
  0x000000001a56f800 JavaThread "Daemon health stats" [_thread_blocked, id=20368, stack(0x000000001ac30000,0x000000001ad30000)]
  0x000000001860e800 JavaThread "Service Thread" daemon [_thread_blocked, id=15780, stack(0x0000000019260000,0x0000000019360000)]
  0x000000001675e800 JavaThread "C1 CompilerThread3" daemon [_thread_blocked, id=19736, stack(0x0000000019160000,0x0000000019260000)]
  0x000000001675c800 JavaThread "C2 CompilerThread2" daemon [_thread_blocked, id=13240, stack(0x0000000019060000,0x0000000019160000)]
  0x0000000018570000 JavaThread "C2 CompilerThread1" daemon [_thread_in_native, id=4148, stack(0x0000000018f60000,0x0000000019060000)]
=>0x000000001856b000 JavaThread "C2 CompilerThread0" daemon [_thread_in_native, id=3472, stack(0x0000000018e60000,0x0000000018f60000)]
  0x000000001856a000 JavaThread "Attach Listener" daemon [_thread_blocked, id=17112, stack(0x0000000018d60000,0x0000000018e60000)]
  0x0000000018575800 JavaThread "Signal Dispatcher" daemon [_thread_blocked, id=11908, stack(0x0000000018c60000,0x0000000018d60000)]
  0x000000000298e000 JavaThread "Finalizer" daemon [_thread_blocked, id=5316, stack(0x0000000018a40000,0x0000000018b40000)]
  0x0000000002985000 JavaThread "Reference Handler" daemon [_thread_blocked, id=15408, stack(0x0000000018940000,0x0000000018a40000)]
  0x000000000288d800 JavaThread "main" [_thread_blocked, id=14076, stack(0x00000000026e0000,0x00000000027e0000)]

Other Threads:
  0x0000000016748000 VMThread [stack: 0x0000000018440000,0x0000000018540000] [id=576]
  0x000000001860f800 WatcherThread [stack: 0x0000000019360000,0x0000000019460000] [id=13588]

VM state:not at safepoint (normal execution)

VM Mutex/Monitor currently owned by a thread: None

heap address: 0x00000000a0000000, size: 1536 MB, Compressed Oops mode: 32-bit
Narrow klass base: 0x0000000000000000, Narrow klass shift: 3
Compressed class space size: 1073741824 Address: 0x0000000100000000

Heap:
 PSYoungGen      total 37888K, used 6985K [0x00000000e0000000, 0x00000000e4a00000, 0x0000000100000000)
  eden space 32768K, 5% used [0x00000000e0000000,0x00000000e01da7c0,0x00000000e2000000)
  from space 5120K, 99% used [0x00000000e2500000,0x00000000e29f8020,0x00000000e2a00000)
  to   space 5120K, 0% used [0x00000000e2000000,0x00000000e2000000,0x00000000e2500000)
 ParOldGen       total 86016K, used 4796K [0x00000000a0000000, 0x00000000a5400000, 0x00000000e0000000)
  object space 86016K, 5% used [0x00000000a0000000,0x00000000a04af280,0x00000000a5400000)
 Metaspace       used 16230K, capacity 16692K, committed 16896K, reserved 1062912K
  class space    used 2307K, capacity 2450K, committed 2560K, reserved 1048576K

Card table byte_map: [0x0000000011d50000,0x0000000012060000] byte_map_base: 0x0000000011850000

Marking Bits: (ParMarkBitMap*) 0x0000000057f39f30
 Begin Bits: [0x0000000012a60000, 0x0000000014260000)
 End Bits:   [0x0000000014260000, 0x0000000015a60000)

Polling page: 0x00000000009a0000

CodeCache: size=245760Kb used=4821Kb max_used=4828Kb free=240938Kb
 bounds [0x0000000002990000, 0x0000000002e60000, 0x0000000011990000]
 total_blobs=1784 nmethods=1387 adapters=310
 compilation: enabled

Compilation events (10 events):
Event: 9.467 Thread 0x000000001675e800 1502       1       com.google.common.collect.RegularImmutableList::size (5 bytes)
Event: 9.467 Thread 0x000000001675e800 nmethod 1502 0x0000000002af2f10 code [0x0000000002af3060, 0x0000000002af3170]
Event: 9.471 Thread 0x000000001675c800 1504       4       java.util.ArrayList$Itr::next (66 bytes)
Event: 9.474 Thread 0x000000001675c800 nmethod 1504 0x0000000002b732d0 code [0x0000000002b73420, 0x0000000002b73538]
Event: 9.531 Thread 0x000000001675c800 1505       4       java.lang.ref.ReferenceQueue::reallyPoll (65 bytes)
Event: 9.538 Thread 0x000000001675c800 nmethod 1505 0x0000000002b16c10 code [0x0000000002b16d40, 0x0000000002b16e78]
Event: 9.538 Thread 0x000000001675c800 1506   !   4       java.lang.ref.Reference::tryHandlePending (115 bytes)
Event: 9.553 Thread 0x000000001675c800 nmethod 1506 0x0000000002af8390 code [0x0000000002af8540, 0x0000000002af8e88]
Event: 9.660 Thread 0x000000001675e800 1507       3       java.lang.Class::forName (53 bytes)
Event: 9.661 Thread 0x000000001675e800 nmethod 1507 0x0000000002b74110 code [0x0000000002b742c0, 0x0000000002b74968]

GC Heap History (8 events):
Event: 3.002 GC heap before
{Heap before GC invocations=1 (full 0):
 PSYoungGen      total 37888K, used 32768K [0x00000000e0000000, 0x00000000e2a00000, 0x0000000100000000)
  eden space 32768K, 100% used [0x00000000e0000000,0x00000000e2000000,0x00000000e2000000)
  from space 5120K, 0% used [0x00000000e2500000,0x00000000e2500000,0x00000000e2a00000)
  to   space 5120K, 0% used [0x00000000e2000000,0x00000000e2000000,0x00000000e2500000)
 ParOldGen       total 86016K, used 0K [0x00000000a0000000, 0x00000000a5400000, 0x00000000e0000000)
  object space 86016K, 0% used [0x00000000a0000000,0x00000000a0000000,0x00000000a5400000)
 Metaspace       used 6973K, capacity 7248K, committed 7424K, reserved 1056768K
  class space    used 852K, capacity 912K, committed 1024K, reserved 1048576K
Event: 3.008 GC heap after
Heap after GC invocations=1 (full 0):
 PSYoungGen      total 37888K, used 4356K [0x00000000e0000000, 0x00000000e2a00000, 0x0000000100000000)
  eden space 32768K, 0% used [0x00000000e0000000,0x00000000e0000000,0x00000000e2000000)
  from space 5120K, 85% used [0x00000000e2000000,0x00000000e2441398,0x00000000e2500000)
  to   space 5120K, 0% used [0x00000000e2500000,0x00000000e2500000,0x00000000e2a00000)
 ParOldGen       total 86016K, used 8K [0x00000000a0000000, 0x00000000a5400000, 0x00000000e0000000)
  object space 86016K, 0% used [0x00000000a0000000,0x00000000a0002000,0x00000000a5400000)
 Metaspace       used 6973K, capacity 7248K, committed 7424K, reserved 1056768K
  class space    used 852K, capacity 912K, committed 1024K, reserved 1048576K
}
Event: 5.650 GC heap before
{Heap before GC invocations=2 (full 0):
 PSYoungGen      total 37888K, used 37124K [0x00000000e0000000, 0x00000000e2a00000, 0x0000000100000000)
  eden space 32768K, 100% used [0x00000000e0000000,0x00000000e2000000,0x00000000e2000000)
  from space 5120K, 85% used [0x00000000e2000000,0x00000000e2441398,0x00000000e2500000)
  to   space 5120K, 0% used [0x00000000e2500000,0x00000000e2500000,0x00000000e2a00000)
 ParOldGen       total 86016K, used 8K [0x00000000a0000000, 0x00000000a5400000, 0x00000000e0000000)
  object space 86016K, 0% used [0x00000000a0000000,0x00000000a0002000,0x00000000a5400000)
 Metaspace       used 8695K, capacity 8938K, committed 9216K, reserved 1056768K
  class space    used 1127K, capacity 1177K, committed 1280K, reserved 1048576K
Event: 5.690 GC heap after
Heap after GC invocations=2 (full 0):
 PSYoungGen      total 37888K, used 4417K [0x00000000e0000000, 0x00000000e2a00000, 0x0000000100000000)
  eden space 32768K, 0% used [0x00000000e0000000,0x00000000e0000000,0x00000000e2000000)
  from space 5120K, 86% used [0x00000000e2500000,0x00000000e29505c0,0x00000000e2a00000)
  to   space 5120K, 0% used [0x00000000e2000000,0x00000000e2000000,0x00000000e2500000)
 ParOldGen       total 86016K, used 16K [0x00000000a0000000, 0x00000000a5400000, 0x00000000e0000000)
  object space 86016K, 0% used [0x00000000a0000000,0x00000000a0004000,0x00000000a5400000)
 Metaspace       used 8695K, capacity 8938K, committed 9216K, reserved 1056768K
  class space    used 1127K, capacity 1177K, committed 1280K, reserved 1048576K
}
Event: 8.321 GC heap before
{Heap before GC invocations=3 (full 0):
 PSYoungGen      total 37888K, used 37185K [0x00000000e0000000, 0x00000000e2a00000, 0x0000000100000000)
  eden space 32768K, 100% used [0x00000000e0000000,0x00000000e2000000,0x00000000e2000000)
  from space 5120K, 86% used [0x00000000e2500000,0x00000000e29505c0,0x00000000e2a00000)
  to   space 5120K, 0% used [0x00000000e2000000,0x00000000e2000000,0x00000000e2500000)
 ParOldGen       total 86016K, used 16K [0x00000000a0000000, 0x00000000a5400000, 0x00000000e0000000)
  object space 86016K, 0% used [0x00000000a0000000,0x00000000a0004000,0x00000000a5400000)
 Metaspace       used 13272K, capacity 13636K, committed 13824K, reserved 1060864K
  class space    used 1831K, capacity 1960K, committed 2048K, reserved 1048576K
Event: 8.340 GC heap after
Heap after GC invocations=3 (full 0):
 PSYoungGen      total 37888K, used 5088K [0x00000000e0000000, 0x00000000e2a00000, 0x0000000100000000)
  eden space 32768K, 0% used [0x00000000e0000000,0x00000000e0000000,0x00000000e2000000)
  from space 5120K, 99% used [0x00000000e2000000,0x00000000e24f8020,0x00000000e2500000)
  to   space 5120K, 0% used [0x00000000e2500000,0x00000000e2500000,0x00000000e2a00000)
 ParOldGen       total 86016K, used 1833K [0x00000000a0000000, 0x00000000a5400000, 0x00000000e0000000)
  object space 86016K, 2% used [0x00000000a0000000,0x00000000a01ca4a0,0x00000000a5400000)
 Metaspace       used 13272K, capacity 13636K, committed 13824K, reserved 1060864K
  class space    used 1831K, capacity 1960K, committed 2048K, reserved 1048576K
}
Event: 9.488 GC heap before
{Heap before GC invocations=4 (full 0):
 PSYoungGen      total 37888K, used 37856K [0x00000000e0000000, 0x00000000e2a00000, 0x0000000100000000)
  eden space 32768K, 100% used [0x00000000e0000000,0x00000000e2000000,0x00000000e2000000)
  from space 5120K, 99% used [0x00000000e2000000,0x00000000e24f8020,0x00000000e2500000)
  to   space 5120K, 0% used [0x00000000e2500000,0x00000000e2500000,0x00000000e2a00000)
 ParOldGen       total 86016K, used 1833K [0x00000000a0000000, 0x00000000a5400000, 0x00000000e0000000)
  object space 86016K, 2% used [0x00000000a0000000,0x00000000a01ca4a0,0x00000000a5400000)
 Metaspace       used 16015K, capacity 16500K, committed 16896K, reserved 1062912K
  class space    used 2282K, capacity 2450K, committed 2560K, reserved 1048576K
Event: 9.530 GC heap after
Heap after GC invocations=4 (full 0):
 PSYoungGen      total 37888K, used 5088K [0x00000000e0000000, 0x00000000e4a00000, 0x0000000100000000)
  eden space 32768K, 0% used [0x00000000e0000000,0x00000000e0000000,0x00000000e2000000)
  from space 5120K, 99% used [0x00000000e2500000,0x00000000e29f8020,0x00000000e2a00000)
  to   space 5120K, 0% used [0x00000000e2000000,0x00000000e2000000,0x00000000e2500000)
 ParOldGen       total 86016K, used 4796K [0x00000000a0000000, 0x00000000a5400000, 0x00000000e0000000)
  object space 86016K, 5% used [0x00000000a0000000,0x00000000a04af280,0x00000000a5400000)
 Metaspace       used 16015K, capacity 16500K, committed 16896K, reserved 1062912K
  class space    used 2282K, capacity 2450K, committed 2560K, reserved 1048576K
}

Deoptimization events (10 events):
Event: 7.633 Thread 0x0000000019bf5000 Uncommon trap: reason=unstable_if action=reinterpret pc=0x0000000002d61d70 method=java.util.concurrent.ConcurrentHashMap.putVal(Ljava/lang/Object;Ljava/lang/Object;Z)Ljava/lang/Object; @ 206
Event: 7.736 Thread 0x0000000019dcf000 Uncommon trap: reason=bimorphic action=maybe_recompile pc=0x0000000002c1d828 method=java.util.HashMap.putVal(ILjava/lang/Object;Ljava/lang/Object;ZZ)Ljava/lang/Object; @ 253
Event: 7.737 Thread 0x0000000019dcf000 Uncommon trap: reason=bimorphic action=maybe_recompile pc=0x0000000002c1d828 method=java.util.HashMap.putVal(ILjava/lang/Object;Ljava/lang/Object;ZZ)Ljava/lang/Object; @ 253
Event: 7.737 Thread 0x0000000019dcf000 Uncommon trap: reason=bimorphic action=maybe_recompile pc=0x0000000002c1d828 method=java.util.HashMap.putVal(ILjava/lang/Object;Ljava/lang/Object;ZZ)Ljava/lang/Object; @ 253
Event: 7.737 Thread 0x0000000019dcf000 Uncommon trap: reason=bimorphic action=maybe_recompile pc=0x0000000002c1d828 method=java.util.HashMap.putVal(ILjava/lang/Object;Ljava/lang/Object;ZZ)Ljava/lang/Object; @ 253
Event: 8.361 Thread 0x0000000019dcf000 Uncommon trap: reason=class_check action=maybe_recompile pc=0x0000000002c6df98 method=java.util.regex.Matcher.match(II)Z @ 86
Event: 8.405 Thread 0x0000000019dcf000 Uncommon trap: reason=class_check action=maybe_recompile pc=0x0000000002c6df98 method=java.util.regex.Matcher.match(II)Z @ 86
Event: 8.407 Thread 0x0000000019dcf000 Uncommon trap: reason=class_check action=maybe_recompile pc=0x0000000002c6df98 method=java.util.regex.Matcher.match(II)Z @ 86
Event: 8.412 Thread 0x0000000019dcf000 Uncommon trap: reason=class_check action=maybe_recompile pc=0x0000000002c2bd1c method=java.util.regex.Matcher.match(II)Z @ 86
Event: 9.117 Thread 0x0000000019dcf000 Uncommon trap: reason=unstable_if action=reinterpret pc=0x0000000002d5e674 method=java.lang.String.lastIndexOf([CII[CIII)I @ 66

Classes redefined (0 events):
No events

Internal exceptions (10 events):
Event: 5.821 Thread 0x000000000288d800 Exception <a 'java/lang/NoSuchFieldError': method resolution failed> (0x00000000e00e8b18) thrown at [D:\src\AOSP-openjdk-cygwin\jdk8u\hotspot\src\share\vm\prims\methodHandles.cpp, line 1167]
Event: 5.827 Thread 0x000000000288d800 Exception <a 'java/lang/NoSuchFieldError': method resolution failed> (0x00000000e00f6858) thrown at [D:\src\AOSP-openjdk-cygwin\jdk8u\hotspot\src\share\vm\prims\methodHandles.cpp, line 1167]
Event: 7.447 Thread 0x000000000288d800 Exception <a 'java/io/IOException'> (0x00000000e088ddc0) thrown at [D:\src\AOSP-openjdk-cygwin\jdk8u\hotspot\src\share\vm\prims\jni.cpp, line 710]
Event: 7.635 Thread 0x0000000019bf5000 Exception <a 'java/lang/NoSuchMethodError': <clinit>> (0x00000000e0a52378) thrown at [D:\src\AOSP-openjdk-cygwin\jdk8u\hotspot\src\share\vm\prims\jni.cpp, line 1614]
Event: 7.637 Thread 0x0000000019bf5000 Exception <a 'java/lang/NoSuchMethodError': <clinit>> (0x00000000e0a5c128) thrown at [D:\src\AOSP-openjdk-cygwin\jdk8u\hotspot\src\share\vm\prims\jni.cpp, line 1614]
Event: 7.641 Thread 0x0000000019bf5000 Exception <a 'java/lang/NoSuchMethodError': <clinit>> (0x00000000e0a702d8) thrown at [D:\src\AOSP-openjdk-cygwin\jdk8u\hotspot\src\share\vm\prims\jni.cpp, line 1614]
Event: 7.657 Thread 0x0000000019bf5000 Exception <a 'java/lang/NoSuchMethodError': <clinit>> (0x00000000e0acb2a8) thrown at [D:\src\AOSP-openjdk-cygwin\jdk8u\hotspot\src\share\vm\prims\jni.cpp, line 1614]
Event: 7.668 Thread 0x0000000019bf5000 Exception <a 'java/lang/NoSuchMethodError': <clinit>> (0x00000000e0b02de0) thrown at [D:\src\AOSP-openjdk-cygwin\jdk8u\hotspot\src\share\vm\prims\jni.cpp, line 1614]
Event: 7.679 Thread 0x0000000019bf5000 Exception <a 'java/lang/NoSuchMethodError': <clinit>> (0x00000000e0b38ef0) thrown at [D:\src\AOSP-openjdk-cygwin\jdk8u\hotspot\src\share\vm\prims\jni.cpp, line 1614]
Event: 7.681 Thread 0x0000000019bf5000 Exception <a 'java/lang/NoSuchMethodError': <clinit>> (0x00000000e0b44968) thrown at [D:\src\AOSP-openjdk-cygwin\jdk8u\hotspot\src\share\vm\prims\jni.cpp, line 1614]

Events (10 events):
Event: 9.662 loading class org/gradle/internal/instantiation/AsmBackedClassGenerator$ClassBuilderImpl$3
Event: 9.662 loading class org/gradle/internal/instantiation/AsmBackedClassGenerator$ClassBuilderImpl$3 done
Event: 9.664 loading class org/gradle/internal/instantiation/AsmBackedClassGenerator$ClassBuilderImpl$5
Event: 9.664 loading class org/gradle/internal/instantiation/AsmBackedClassGenerator$ClassBuilderImpl$5 done
Event: 9.666 loading class org/gradle/internal/instantiation/AsmBackedClassGenerator$ClassBuilderImpl$6
Event: 9.666 loading class org/gradle/internal/instantiation/AsmBackedClassGenerator$ClassBuilderImpl$6 done
Event: 9.666 loading class org/gradle/internal/instantiation/AsmBackedClassGenerator$ClassBuilderImpl$8
Event: 9.666 loading class org/gradle/internal/instantiation/AsmBackedClassGenerator$ClassBuilderImpl$8 done
Event: 9.682 loading class org/gradle/internal/instantiation/AsmBackedClassGenerator$ClassBuilderImpl$9
Event: 9.682 loading class org/gradle/internal/instantiation/AsmBackedClassGenerator$ClassBuilderImpl$9 done


Dynamic libraries:
0x00007ff7933b0000 - 0x00007ff7933e1000 	C:\Program Files\Android\Android Studio\jre\bin\java.exe
0x00007ffc33b40000 - 0x00007ffc33d30000 	C:\WINDOWS\SYSTEM32\ntdll.dll
0x00007ffc33710000 - 0x00007ffc337c2000 	C:\WINDOWS\System32\KERNEL32.DLL
0x00007ffc30f20000 - 0x00007ffc311c3000 	C:\WINDOWS\System32\KERNELBASE.dll
0x00007ffc320b0000 - 0x00007ffc32153000 	C:\WINDOWS\System32\ADVAPI32.dll
0x00007ffc31bf0000 - 0x00007ffc31c8e000 	C:\WINDOWS\System32\msvcrt.dll
0x00007ffc337d0000 - 0x00007ffc33867000 	C:\WINDOWS\System32\sechost.dll
0x00007ffc322a0000 - 0x00007ffc323c0000 	C:\WINDOWS\System32\RPCRT4.dll
0x00007ffc33300000 - 0x00007ffc33494000 	C:\WINDOWS\System32\USER32.dll
0x00007ffc30df0000 - 0x00007ffc30e11000 	C:\WINDOWS\System32\win32u.dll
0x00007ffc32000000 - 0x00007ffc32026000 	C:\WINDOWS\System32\GDI32.dll
0x00007ffc30c50000 - 0x00007ffc30de4000 	C:\WINDOWS\System32\gdi32full.dll
0x00007ffc31b50000 - 0x00007ffc31bee000 	C:\WINDOWS\System32\msvcp_win.dll
0x00007ffc30b50000 - 0x00007ffc30c4a000 	C:\WINDOWS\System32\ucrtbase.dll
0x00007ffc233c0000 - 0x00007ffc23645000 	C:\WINDOWS\WinSxS\amd64_microsoft.windows.common-controls_6595b64144ccf1df_6.0.18362.418_none_e6c6b287130d565d\COMCTL32.dll
0x00007ffc31c90000 - 0x00007ffc31fc6000 	C:\WINDOWS\System32\combase.dll
0x00007ffc30ad0000 - 0x00007ffc30b50000 	C:\WINDOWS\System32\bcryptPrimitives.dll
0x00007ffc31fd0000 - 0x00007ffc31ffe000 	C:\WINDOWS\System32\IMM32.DLL
0x000000005b740000 - 0x000000005b812000 	C:\Program Files\Android\Android Studio\jre\jre\bin\msvcr100.dll
0x0000000057770000 - 0x0000000057fb6000 	C:\Program Files\Android\Android Studio\jre\jre\bin\server\jvm.dll
0x00007ffc32560000 - 0x00007ffc32568000 	C:\WINDOWS\System32\PSAPI.DLL
0x00007ffc28fb0000 - 0x00007ffc28fba000 	C:\WINDOWS\SYSTEM32\VERSION.dll
0x00007ffc2ea20000 - 0x00007ffc2ea44000 	C:\WINDOWS\SYSTEM32\WINMM.dll
0x00007ffc09a50000 - 0x00007ffc09a59000 	C:\WINDOWS\SYSTEM32\WSOCK32.dll
0x00007ffc2e9f0000 - 0x00007ffc2ea1d000 	C:\WINDOWS\SYSTEM32\WINMMBASE.dll
0x00007ffc30ed0000 - 0x00007ffc30f1a000 	C:\WINDOWS\System32\cfgmgr32.dll
0x00007ffc32160000 - 0x00007ffc321cf000 	C:\WINDOWS\System32\WS2_32.dll
0x00007ffc2a2c0000 - 0x00007ffc2a2cf000 	C:\Program Files\Android\Android Studio\jre\jre\bin\verify.dll
0x00007ffc13b40000 - 0x00007ffc13b69000 	C:\Program Files\Android\Android Studio\jre\jre\bin\java.dll
0x00007ffc0ee60000 - 0x00007ffc0ee76000 	C:\Program Files\Android\Android Studio\jre\jre\bin\zip.dll
0x00007ffc327a0000 - 0x00007ffc32e85000 	C:\WINDOWS\System32\SHELL32.dll
0x00007ffc33660000 - 0x00007ffc33709000 	C:\WINDOWS\System32\shcore.dll
0x00007ffc311d0000 - 0x00007ffc3194f000 	C:\WINDOWS\System32\windows.storage.dll
0x00007ffc30ab0000 - 0x00007ffc30acf000 	C:\WINDOWS\System32\profapi.dll
0x00007ffc30a20000 - 0x00007ffc30a6a000 	C:\WINDOWS\System32\powrprof.dll
0x00007ffc30a10000 - 0x00007ffc30a20000 	C:\WINDOWS\System32\UMPDC.dll
0x00007ffc33a20000 - 0x00007ffc33a72000 	C:\WINDOWS\System32\shlwapi.dll
0x00007ffc30a70000 - 0x00007ffc30a81000 	C:\WINDOWS\System32\kernel.appcore.dll
0x00007ffc30e50000 - 0x00007ffc30e67000 	C:\WINDOWS\System32\cryptsp.dll
0x00007ffc0ebe0000 - 0x00007ffc0ebfa000 	C:\Program Files\Android\Android Studio\jre\jre\bin\net.dll
0x00007ffc30280000 - 0x00007ffc302e7000 	C:\WINDOWS\system32\mswsock.dll
0x00007ffc0e6f0000 - 0x00007ffc0e701000 	C:\Program Files\Android\Android Studio\jre\jre\bin\nio.dll
0x00007ffc13ce0000 - 0x00007ffc13d06000 	C:\Users\lucam\.gradle\native\29\windows-amd64\native-platform.dll
0x00007ffc24b10000 - 0x00007ffc24b1d000 	C:\Program Files\Android\Android Studio\jre\jre\bin\management.dll
0x00007ffc2fdf0000 - 0x00007ffc2fe23000 	C:\WINDOWS\system32\rsaenh.dll
0x00007ffc30e20000 - 0x00007ffc30e46000 	C:\WINDOWS\System32\bcrypt.dll
0x00007ffc30930000 - 0x00007ffc30955000 	C:\WINDOWS\SYSTEM32\USERENV.dll
0x00007ffc30450000 - 0x00007ffc3045c000 	C:\WINDOWS\SYSTEM32\CRYPTBASE.dll
0x00007ffc2ff90000 - 0x00007ffc2ffca000 	C:\WINDOWS\SYSTEM32\IPHLPAPI.DLL
0x00007ffc339b0000 - 0x00007ffc339b8000 	C:\WINDOWS\System32\NSI.dll
0x00007ffc28910000 - 0x00007ffc28926000 	C:\WINDOWS\SYSTEM32\dhcpcsvc6.DLL
0x00007ffc297c0000 - 0x00007ffc297dc000 	C:\WINDOWS\SYSTEM32\dhcpcsvc.DLL
0x00007ffc2ffd0000 - 0x00007ffc3009a000 	C:\WINDOWS\SYSTEM32\DNSAPI.dll

VM Arguments:
jvm_args: -Xmx1536m -Dfile.encoding=windows-1252 -Duser.country=IT -Duser.language=it -Duser.variant 
java_command: org.gradle.launcher.daemon.bootstrap.GradleDaemon 5.4.1
java_class_path (initial): C:\Users\lucam\.gradle\wrapper\dists\gradle-5.4.1-all\3221gyojl5jsh0helicew7rwx\gradle-5.4.1\lib\gradle-launcher-5.4.1.jar
Launcher Type: SUN_STANDARD

Environment Variables:
PATH=C:\WINDOWS\system32;C:\WINDOWS;C:\WINDOWS\System32\Wbem;C:\WINDOWS\System32\WindowsPowerShell\v1.0\;C:\WINDOWS\System32\OpenSSH\;C:\Program Files\Git\cmd;C:\Program Files (x86)\NVIDIA Corporation\PhysX\Common;C:\Program Files\NVIDIA Corporation\NVIDIA NvDLISR;C:\Program Files\NVIDIA Corporation\NVIDIA NGX;C:\Program Files\Intel\WiFi\bin\;C:\Program Files\Common Files\Intel\WirelessCommon\;C:\Android;C:\Windows\System32;%SystemRoot%\system32;%SystemRoot%;%SystemRoot%\System32\Wbem;%SYSTEMROOT%\System32\WindowsPowerShell\v1.0\;%SYSTEMROOT%\System32\OpenSSH\;C:\Users\lucam\AppData\Local\Microsoft\WindowsApps;C:\Program Files\Intel\WiFi\bin\;C:\Program Files\Common Files\Intel\WirelessCommon\;
USERNAME=lucam
OS=Windows_NT
PROCESSOR_IDENTIFIER=Intel64 Family 6 Model 142 Stepping 10, GenuineIntel



---------------  S Y S T E M  ---------------

OS: Windows 10.0 , 64 bit Build 18362 (10.0.18362.329)

CPU:total 8 (initial active 8) (4 cores per cpu, 2 threads per core) family 6 model 142 stepping 10, cmov, cx8, fxsr, mmx, sse, sse2, sse3, ssse3, sse4.1, sse4.2, popcnt, avx, avx2, aes, clmul, erms, 3dnowpref, lzcnt, ht, tsc, tscinvbit, bmi1, bmi2, adx

Memory: 4k page, physical 8223476k(353596k free), swap 20511476k(2232k free)

vm_info: OpenJDK 64-Bit Server VM (25.202-b03) for windows-amd64 JRE (1.8.0_202-release-1483-b03), built by "builder" with MS VC++ 10.0 (VS2010)

time: Fri Oct 18 17:20:28 2019
timezone: ora legale Europa occidentale
elapsed time: 9 seconds (0d 0h 0m 9s)

